<?xml version="1.0" encoding="utf-8"?><testsuites name="pytest tests"><testsuite name="pytest" errors="0" failures="0" skipped="0" tests="20" time="0.443" timestamp="2026-07-31T12:52:44.447232+05:30" hostname="APL-2HKWT24"><testcase classname="tests.test_phase1" name="test_sku_format" time="0.002" /><testcase classname="tests.test_phase1" name="test_sku_categories" time="0.001" /><testcase classname="tests.test_phase1" name="test_po_number" time="0.001" /><testcase classname="tests.test_phase1" name="test_low_stock_alert" time="0.011" /><testcase classname="tests.test_phase1" name="test_out_of_stock_alert" time="0.001" /><testcase classname="tests.test_phase1" name="test_no_alert_above_reorder" time="0.001" /><testcase classname="tests.test_phase1" name="test_stock_value" time="0.000" /><testcase classname="tests.test_phase1" name="test_basic_math" time="0.000" /><testcase classname="tests.test_phase1" name="test_create_product_response" time="0.000" /><testcase classname="tests.test_phase1" name="test_stock_update_alert" time="0.001" /><testcase classname="tests.test_phase1" name="test_create_po" time="0.001" /><testcase classname="tests.test_phase1" name="test_receive_po_updates_stock" time="0.001" /><testcase classname="tests.test_phase1" name="test_low_alerts" time="0.001" /><testcase classname="tests.test_phase1" name="test_supplier_catalog" time="0.000" /><testcase classname="tests.test_phase1" name="test_filter_by_category" time="0.001" /><testcase classname="tests.test_phase1" name="test_dashboard" time="0.000" /><testcase classname="tests.test_phase1" name="test_sku_unique" time="0.000" /><testcase classname="tests.test_phase1" name="test_movement_linked" time="0.000" /><testcase classname="tests.test_phase1" name="test_po_unique" time="0.001" /><testcase classname="tests.test_phase1" name="test_stock_level_one_to_one" time="0.001" /></testsuite></testsuites>